[
    'contains',
    'contains_duplicates',
    'contains_entry',
    'contains_ignoring_case',
    'contains_key',
    'contains_only',
    'contains_sequence',
    'contains_value',
    'described_as',
    'description',
    'does_not_contain',
    'does_not_contain_duplicates',
    'does_not_contain_entry',
    'does_not_contain_key',
    'does_not_contain_value',
    'does_not_exist',
    'does_not_match',
    'ends_with',
    'error',
    'exists',
    'expected',
    'extracting',
    'is_after',
    'is_alpha',
    'is_before',
    'is_between',
    'is_child_of',
    'is_close_to',
    'is_digit',
    'is_directory',
    'is_empty',
    'is_equal_to',
    'is_equal_to_ignoring_case',
    'is_equal_to_ignoring_milliseconds',
    'is_equal_to_ignoring_seconds',
    'is_equal_to_ignoring_time',
    'is_false',
    'is_file',
    'is_greater_than',
    'is_greater_than_or_equal_to',
    'is_in',
    'is_inf',
    'is_instance_of',
    'is_iterable',
    'is_length',
    'is_less_than',
    'is_less_than_or_equal_to',
    'is_lower',
    'is_named',
    'is_nan',
    'is_negative',
    'is_none',
    'is_not_between',
    'is_not_close_to',
    'is_not_empty',
    'is_not_equal_to',
    'is_not_in',
    'is_not_inf',
    'is_not_iterable',
    'is_not_nan',
    'is_not_none',
    'is_not_same_as',
    'is_not_zero',
    'is_positive',
    'is_same_as',
    'is_sorted',
    'is_subset_of',
    'is_true',
    'is_type_of',
    'is_unicode',
    'is_upper',
    'is_zero',
    'kind',
    'logger',
    'matches',
    'raises',
    'snapshot',
    'starts_with',
    'val',
    'when_called_with'
 ]